2012-03-11 02:46:53 Error: [PDOException] SQLSTATE[23000]: Integrity constraint violation: 1062 Duplicate entry '' for key 'email'
#0 /Applications/XAMPP/xamppfiles/htdocs/assandosites/lib/Cake/Model/Datasource/DboSource.php(436): PDOStatement->execute(Array)
#1 /Applications/XAMPP/xamppfiles/htdocs/assandosites/lib/Cake/Model/Datasource/DboSource.php(403): DboSource->_execute('INSERT INTO `in...', Array)
#2 /Applications/XAMPP/xamppfiles/htdocs/assandosites/lib/Cake/Model/Datasource/DboSource.php(967): DboSource->execute('INSERT INTO `in...')
#3 /Applications/XAMPP/xamppfiles/htdocs/assandosites/lib/Cake/Model/Model.php(1646): DboSource->create(Object(Inscricao), Array, Array)
#4 /Applications/XAMPP/xamppfiles/htdocs/assandosites/app/Controller/InscricoesController.php(9): Model->save(Array)
#5 [internal function]: InscricoesController->inscrever()
#6 /Applications/XAMPP/xamppfiles/htdocs/assandosites/lib/Cake/Controller/Controller.php(473): ReflectionMethod->invokeArgs(Object(InscricoesController), Array)
#7 /Applications/XAMPP/xamppfiles/htdocs/assandosites/lib/Cake/Routing/Dispatcher.php(104): Controller->invokeAction(Object(CakeRequest))
#8 /Applications/XAMPP/xamppfiles/htdocs/assandosites/lib/Cake/Routing/Dispatcher.php(86): Dispatcher->_invoke(Object(InscricoesController), Object(CakeRequest), Object(CakeResponse))
#9 /Applications/XAMPP/xamppfiles/htdocs/assandosites/app/webroot/index.php(96): Dispatcher->dispatch(Object(CakeRequest), Object(CakeResponse))
#10 {main}
2012-03-11 02:47:38 Error: [PDOException] SQLSTATE[23000]: Integrity constraint violation: 1062 Duplicate entry '' for key 'email'
#0 /Applications/XAMPP/xamppfiles/htdocs/assandosites/lib/Cake/Model/Datasource/DboSource.php(436): PDOStatement->execute(Array)
#1 /Applications/XAMPP/xamppfiles/htdocs/assandosites/lib/Cake/Model/Datasource/DboSource.php(403): DboSource->_execute('INSERT INTO `in...', Array)
#2 /Applications/XAMPP/xamppfiles/htdocs/assandosites/lib/Cake/Model/Datasource/DboSource.php(967): DboSource->execute('INSERT INTO `in...')
#3 /Applications/XAMPP/xamppfiles/htdocs/assandosites/lib/Cake/Model/Model.php(1646): DboSource->create(Object(Inscricao), Array, Array)
#4 /Applications/XAMPP/xamppfiles/htdocs/assandosites/app/Controller/InscricoesController.php(9): Model->save(Array)
#5 [internal function]: InscricoesController->inscrever()
#6 /Applications/XAMPP/xamppfiles/htdocs/assandosites/lib/Cake/Controller/Controller.php(473): ReflectionMethod->invokeArgs(Object(InscricoesController), Array)
#7 /Applications/XAMPP/xamppfiles/htdocs/assandosites/lib/Cake/Routing/Dispatcher.php(104): Controller->invokeAction(Object(CakeRequest))
#8 /Applications/XAMPP/xamppfiles/htdocs/assandosites/lib/Cake/Routing/Dispatcher.php(86): Dispatcher->_invoke(Object(InscricoesController), Object(CakeRequest), Object(CakeResponse))
#9 /Applications/XAMPP/xamppfiles/htdocs/assandosites/app/webroot/index.php(96): Dispatcher->dispatch(Object(CakeRequest), Object(CakeResponse))
#10 {main}
2012-03-11 02:48:00 Error: [PDOException] SQLSTATE[23000]: Integrity constraint violation: 1062 Duplicate entry '' for key 'email'
#0 /Applications/XAMPP/xamppfiles/htdocs/assandosites/lib/Cake/Model/Datasource/DboSource.php(436): PDOStatement->execute(Array)
#1 /Applications/XAMPP/xamppfiles/htdocs/assandosites/lib/Cake/Model/Datasource/DboSource.php(403): DboSource->_execute('INSERT INTO `in...', Array)
#2 /Applications/XAMPP/xamppfiles/htdocs/assandosites/lib/Cake/Model/Datasource/DboSource.php(967): DboSource->execute('INSERT INTO `in...')
#3 /Applications/XAMPP/xamppfiles/htdocs/assandosites/lib/Cake/Model/Model.php(1646): DboSource->create(Object(Inscricao), Array, Array)
#4 /Applications/XAMPP/xamppfiles/htdocs/assandosites/app/Controller/InscricoesController.php(9): Model->save(Array)
#5 [internal function]: InscricoesController->inscrever()
#6 /Applications/XAMPP/xamppfiles/htdocs/assandosites/lib/Cake/Controller/Controller.php(473): ReflectionMethod->invokeArgs(Object(InscricoesController), Array)
#7 /Applications/XAMPP/xamppfiles/htdocs/assandosites/lib/Cake/Routing/Dispatcher.php(104): Controller->invokeAction(Object(CakeRequest))
#8 /Applications/XAMPP/xamppfiles/htdocs/assandosites/lib/Cake/Routing/Dispatcher.php(86): Dispatcher->_invoke(Object(InscricoesController), Object(CakeRequest), Object(CakeResponse))
#9 /Applications/XAMPP/xamppfiles/htdocs/assandosites/app/webroot/index.php(96): Dispatcher->dispatch(Object(CakeRequest), Object(CakeResponse))
#10 {main}
2012-03-11 02:48:02 Error: [PDOException] SQLSTATE[23000]: Integrity constraint violation: 1062 Duplicate entry '' for key 'email'
#0 /Applications/XAMPP/xamppfiles/htdocs/assandosites/lib/Cake/Model/Datasource/DboSource.php(436): PDOStatement->execute(Array)
#1 /Applications/XAMPP/xamppfiles/htdocs/assandosites/lib/Cake/Model/Datasource/DboSource.php(403): DboSource->_execute('INSERT INTO `in...', Array)
#2 /Applications/XAMPP/xamppfiles/htdocs/assandosites/lib/Cake/Model/Datasource/DboSource.php(967): DboSource->execute('INSERT INTO `in...')
#3 /Applications/XAMPP/xamppfiles/htdocs/assandosites/lib/Cake/Model/Model.php(1646): DboSource->create(Object(Inscricao), Array, Array)
#4 /Applications/XAMPP/xamppfiles/htdocs/assandosites/app/Controller/InscricoesController.php(9): Model->save(Array)
#5 [internal function]: InscricoesController->inscrever()
#6 /Applications/XAMPP/xamppfiles/htdocs/assandosites/lib/Cake/Controller/Controller.php(473): ReflectionMethod->invokeArgs(Object(InscricoesController), Array)
#7 /Applications/XAMPP/xamppfiles/htdocs/assandosites/lib/Cake/Routing/Dispatcher.php(104): Controller->invokeAction(Object(CakeRequest))
#8 /Applications/XAMPP/xamppfiles/htdocs/assandosites/lib/Cake/Routing/Dispatcher.php(86): Dispatcher->_invoke(Object(InscricoesController), Object(CakeRequest), Object(CakeResponse))
#9 /Applications/XAMPP/xamppfiles/htdocs/assandosites/app/webroot/index.php(96): Dispatcher->dispatch(Object(CakeRequest), Object(CakeResponse))
#10 {main}
2012-03-11 02:48:04 Error: [PDOException] SQLSTATE[23000]: Integrity constraint violation: 1062 Duplicate entry '' for key 'email'
#0 /Applications/XAMPP/xamppfiles/htdocs/assandosites/lib/Cake/Model/Datasource/DboSource.php(436): PDOStatement->execute(Array)
#1 /Applications/XAMPP/xamppfiles/htdocs/assandosites/lib/Cake/Model/Datasource/DboSource.php(403): DboSource->_execute('INSERT INTO `in...', Array)
#2 /Applications/XAMPP/xamppfiles/htdocs/assandosites/lib/Cake/Model/Datasource/DboSource.php(967): DboSource->execute('INSERT INTO `in...')
#3 /Applications/XAMPP/xamppfiles/htdocs/assandosites/lib/Cake/Model/Model.php(1646): DboSource->create(Object(Inscricao), Array, Array)
#4 /Applications/XAMPP/xamppfiles/htdocs/assandosites/app/Controller/InscricoesController.php(9): Model->save(Array)
#5 [internal function]: InscricoesController->inscrever()
#6 /Applications/XAMPP/xamppfiles/htdocs/assandosites/lib/Cake/Controller/Controller.php(473): ReflectionMethod->invokeArgs(Object(InscricoesController), Array)
#7 /Applications/XAMPP/xamppfiles/htdocs/assandosites/lib/Cake/Routing/Dispatcher.php(104): Controller->invokeAction(Object(CakeRequest))
#8 /Applications/XAMPP/xamppfiles/htdocs/assandosites/lib/Cake/Routing/Dispatcher.php(86): Dispatcher->_invoke(Object(InscricoesController), Object(CakeRequest), Object(CakeResponse))
#9 /Applications/XAMPP/xamppfiles/htdocs/assandosites/app/webroot/index.php(96): Dispatcher->dispatch(Object(CakeRequest), Object(CakeResponse))
#10 {main}
2012-03-11 02:55:04 Error: [PDOException] SQLSTATE[23000]: Integrity constraint violation: 1062 Duplicate entry '' for key 'email'
#0 /Applications/XAMPP/xamppfiles/htdocs/assandosites/lib/Cake/Model/Datasource/DboSource.php(436): PDOStatement->execute(Array)
#1 /Applications/XAMPP/xamppfiles/htdocs/assandosites/lib/Cake/Model/Datasource/DboSource.php(403): DboSource->_execute('INSERT INTO `in...', Array)
#2 /Applications/XAMPP/xamppfiles/htdocs/assandosites/lib/Cake/Model/Datasource/DboSource.php(967): DboSource->execute('INSERT INTO `in...')
#3 /Applications/XAMPP/xamppfiles/htdocs/assandosites/lib/Cake/Model/Model.php(1648): DboSource->create(Object(Inscricao), Array, Array)
#4 /Applications/XAMPP/xamppfiles/htdocs/assandosites/app/Controller/InscricoesController.php(9): Model->save(Array)
#5 [internal function]: InscricoesController->inscrever()
#6 /Applications/XAMPP/xamppfiles/htdocs/assandosites/lib/Cake/Controller/Controller.php(473): ReflectionMethod->invokeArgs(Object(InscricoesController), Array)
#7 /Applications/XAMPP/xamppfiles/htdocs/assandosites/lib/Cake/Routing/Dispatcher.php(104): Controller->invokeAction(Object(CakeRequest))
#8 /Applications/XAMPP/xamppfiles/htdocs/assandosites/lib/Cake/Routing/Dispatcher.php(86): Dispatcher->_invoke(Object(InscricoesController), Object(CakeRequest), Object(CakeResponse))
#9 /Applications/XAMPP/xamppfiles/htdocs/assandosites/app/webroot/index.php(96): Dispatcher->dispatch(Object(CakeRequest), Object(CakeResponse))
#10 {main}
2012-03-11 02:55:07 Error: [PDOException] SQLSTATE[23000]: Integrity constraint violation: 1062 Duplicate entry '' for key 'email'
#0 /Applications/XAMPP/xamppfiles/htdocs/assandosites/lib/Cake/Model/Datasource/DboSource.php(436): PDOStatement->execute(Array)
#1 /Applications/XAMPP/xamppfiles/htdocs/assandosites/lib/Cake/Model/Datasource/DboSource.php(403): DboSource->_execute('INSERT INTO `in...', Array)
#2 /Applications/XAMPP/xamppfiles/htdocs/assandosites/lib/Cake/Model/Datasource/DboSource.php(967): DboSource->execute('INSERT INTO `in...')
#3 /Applications/XAMPP/xamppfiles/htdocs/assandosites/lib/Cake/Model/Model.php(1648): DboSource->create(Object(Inscricao), Array, Array)
#4 /Applications/XAMPP/xamppfiles/htdocs/assandosites/app/Controller/InscricoesController.php(9): Model->save(Array)
#5 [internal function]: InscricoesController->inscrever()
#6 /Applications/XAMPP/xamppfiles/htdocs/assandosites/lib/Cake/Controller/Controller.php(473): ReflectionMethod->invokeArgs(Object(InscricoesController), Array)
#7 /Applications/XAMPP/xamppfiles/htdocs/assandosites/lib/Cake/Routing/Dispatcher.php(104): Controller->invokeAction(Object(CakeRequest))
#8 /Applications/XAMPP/xamppfiles/htdocs/assandosites/lib/Cake/Routing/Dispatcher.php(86): Dispatcher->_invoke(Object(InscricoesController), Object(CakeRequest), Object(CakeResponse))
#9 /Applications/XAMPP/xamppfiles/htdocs/assandosites/app/webroot/index.php(96): Dispatcher->dispatch(Object(CakeRequest), Object(CakeResponse))
#10 {main}
2012-03-11 03:03:06 Error: [PDOException] SQLSTATE[23000]: Integrity constraint violation: 1062 Duplicate entry '' for key 'email'
#0 /Applications/XAMPP/xamppfiles/htdocs/assandosites/lib/Cake/Model/Datasource/DboSource.php(436): PDOStatement->execute(Array)
#1 /Applications/XAMPP/xamppfiles/htdocs/assandosites/lib/Cake/Model/Datasource/DboSource.php(403): DboSource->_execute('INSERT INTO `in...', Array)
#2 /Applications/XAMPP/xamppfiles/htdocs/assandosites/lib/Cake/Model/Datasource/DboSource.php(967): DboSource->execute('INSERT INTO `in...')
#3 /Applications/XAMPP/xamppfiles/htdocs/assandosites/lib/Cake/Model/Model.php(1646): DboSource->create(Object(Inscricao), Array, Array)
#4 /Applications/XAMPP/xamppfiles/htdocs/assandosites/app/Controller/InscricoesController.php(9): Model->save(Array)
#5 [internal function]: InscricoesController->inscrever()
#6 /Applications/XAMPP/xamppfiles/htdocs/assandosites/lib/Cake/Controller/Controller.php(473): ReflectionMethod->invokeArgs(Object(InscricoesController), Array)
#7 /Applications/XAMPP/xamppfiles/htdocs/assandosites/lib/Cake/Routing/Dispatcher.php(104): Controller->invokeAction(Object(CakeRequest))
#8 /Applications/XAMPP/xamppfiles/htdocs/assandosites/lib/Cake/Routing/Dispatcher.php(86): Dispatcher->_invoke(Object(InscricoesController), Object(CakeRequest), Object(CakeResponse))
#9 /Applications/XAMPP/xamppfiles/htdocs/assandosites/app/webroot/index.php(96): Dispatcher->dispatch(Object(CakeRequest), Object(CakeResponse))
#10 {main}
2012-03-11 03:03:48 Error: [PDOException] SQLSTATE[23000]: Integrity constraint violation: 1062 Duplicate entry '' for key 'email'
#0 /Applications/XAMPP/xamppfiles/htdocs/assandosites/lib/Cake/Model/Datasource/DboSource.php(436): PDOStatement->execute(Array)
#1 /Applications/XAMPP/xamppfiles/htdocs/assandosites/lib/Cake/Model/Datasource/DboSource.php(403): DboSource->_execute('INSERT INTO `in...', Array)
#2 /Applications/XAMPP/xamppfiles/htdocs/assandosites/lib/Cake/Model/Datasource/DboSource.php(967): DboSource->execute('INSERT INTO `in...')
#3 /Applications/XAMPP/xamppfiles/htdocs/assandosites/lib/Cake/Model/Model.php(1646): DboSource->create(Object(Inscricao), Array, Array)
#4 /Applications/XAMPP/xamppfiles/htdocs/assandosites/app/Controller/InscricoesController.php(9): Model->save(Array)
#5 [internal function]: InscricoesController->inscrever()
#6 /Applications/XAMPP/xamppfiles/htdocs/assandosites/lib/Cake/Controller/Controller.php(473): ReflectionMethod->invokeArgs(Object(InscricoesController), Array)
#7 /Applications/XAMPP/xamppfiles/htdocs/assandosites/lib/Cake/Routing/Dispatcher.php(104): Controller->invokeAction(Object(CakeRequest))
#8 /Applications/XAMPP/xamppfiles/htdocs/assandosites/lib/Cake/Routing/Dispatcher.php(86): Dispatcher->_invoke(Object(InscricoesController), Object(CakeRequest), Object(CakeResponse))
#9 /Applications/XAMPP/xamppfiles/htdocs/assandosites/app/webroot/index.php(96): Dispatcher->dispatch(Object(CakeRequest), Object(CakeResponse))
#10 {main}
2012-03-11 03:04:34 Error: [PDOException] SQLSTATE[23000]: Integrity constraint violation: 1062 Duplicate entry '' for key 'email'
#0 /Applications/XAMPP/xamppfiles/htdocs/assandosites/lib/Cake/Model/Datasource/DboSource.php(436): PDOStatement->execute(Array)
#1 /Applications/XAMPP/xamppfiles/htdocs/assandosites/lib/Cake/Model/Datasource/DboSource.php(403): DboSource->_execute('INSERT INTO `in...', Array)
#2 /Applications/XAMPP/xamppfiles/htdocs/assandosites/lib/Cake/Model/Datasource/DboSource.php(967): DboSource->execute('INSERT INTO `in...')
#3 /Applications/XAMPP/xamppfiles/htdocs/assandosites/lib/Cake/Model/Model.php(1646): DboSource->create(Object(Inscricao), Array, Array)
#4 /Applications/XAMPP/xamppfiles/htdocs/assandosites/app/Controller/InscricoesController.php(9): Model->save(Array)
#5 [internal function]: InscricoesController->inscrever()
#6 /Applications/XAMPP/xamppfiles/htdocs/assandosites/lib/Cake/Controller/Controller.php(473): ReflectionMethod->invokeArgs(Object(InscricoesController), Array)
#7 /Applications/XAMPP/xamppfiles/htdocs/assandosites/lib/Cake/Routing/Dispatcher.php(104): Controller->invokeAction(Object(CakeRequest))
#8 /Applications/XAMPP/xamppfiles/htdocs/assandosites/lib/Cake/Routing/Dispatcher.php(86): Dispatcher->_invoke(Object(InscricoesController), Object(CakeRequest), Object(CakeResponse))
#9 /Applications/XAMPP/xamppfiles/htdocs/assandosites/app/webroot/index.php(96): Dispatcher->dispatch(Object(CakeRequest), Object(CakeResponse))
#10 {main}
2012-03-11 03:16:51 Error: [MissingControllerException] Controller class InscricaosController could not be found.
#0 /Applications/XAMPP/xamppfiles/htdocs/assandosites/app/webroot/index.php(96): Dispatcher->dispatch(Object(CakeRequest), Object(CakeResponse))
#1 {main}
